<?xml version="1.0" encoding="UTF-8"?>
<!-- Generated by org.testng.reporters.JUnitXMLReporter -->
<testsuite ignored="0" hostname="ADMIN-PC" failures="0" tests="3" name="CromeTest" time="240.226" errors="0" timestamp="2022-06-26T17:38:25 IST">
  <testcase classname="testclasses.VerifyHeaderHomePage" name="search" time="58.257"/>
  <testcase classname="testclasses.VerifyHeaderHomePage" name="urlandtitleverfy" time="0.11"/>
  <testcase classname="testclasses.VerifyHeaderHomePage" name="searchByAllCategory" time="45.717"/>
</testsuite> <!-- CromeTest -->
