<?xml version="1.0" encoding="UTF-8"?>
<!-- Generated by org.testng.reporters.JUnitXMLReporter -->
<testsuite ignored="0" hostname="ADMIN-PC" failures="0" tests="3" name="OperaTest" time="211.633" errors="0" timestamp="2022-06-26T16:08:53 IST">
  <testcase classname="testclasses.VerifyHeaderHomePage" name="search" time="40.674"/>
  <testcase classname="testclasses.VerifyHeaderHomePage" name="urlandtitleverfy" time="0.039"/>
  <testcase classname="testclasses.VerifyHeaderHomePage" name="searchByAllCategory" time="20.84"/>
</testsuite> <!-- OperaTest -->
