<?xml version="1.0" encoding="UTF-8"?>
<!-- Generated by org.testng.reporters.JUnitXMLReporter -->
<testsuite ignored="0" hostname="ADMIN-PC" failures="0" tests="3" name="Test" time="131.281" errors="0" timestamp="2022-06-16T21:28:46 IST">
  <testcase classname="testclasses.VerifyHeaderHomePage" name="search" time="15.413"/>
  <testcase classname="testclasses.VerifyHeaderHomePage" name="urlandtitleverfy" time="0.046"/>
  <testcase classname="testclasses.VerifyHeaderHomePage" name="searchByAllCategory" time="12.872"/>
</testsuite> <!-- Test -->
